<?xml version="1.0" encoding="UTF-8"?>
<testng-results skipped="0" failed="1" ignored="0" total="3" passed="2">
  <reporter-output>
  </reporter-output>
  <suite name="Surefire suite" duration-ms="56941" started-at="2019-02-18T10:40:42Z" finished-at="2019-02-18T10:41:39Z">
    <groups>
    </groups>
    <test name="Surefire test" duration-ms="56941" started-at="2019-02-18T10:40:42Z" finished-at="2019-02-18T10:41:39Z">
      <class name="com.epam.TA.Test.GmailCanceledDeleteTest">
        <test-method status="PASS" signature="configSuite()[pri:0, instance:com.epam.TA.Test.GmailCanceledDeleteTest@56528192]" name="configSuite" is-config="true" duration-ms="31" started-at="2019-02-18T10:40:42Z" finished-at="2019-02-18T10:40:42Z">
          <reporter-output>
          </reporter-output>
        </test-method> <!-- configSuite -->
        <test-method status="FAIL" signature="verifyDeleteCanceledMsgTest(com.epam.TA.unit.User)[pri:0, instance:com.epam.TA.Test.GmailCanceledDeleteTest@56528192]" name="verifyDeleteCanceledMsgTest" duration-ms="56023" started-at="2019-02-18T10:40:42Z" data-provider="getUser" finished-at="2019-02-18T10:41:38Z">
          <params>
            <param index="0">
              <value>
                <![CDATA[com.epam.TA.unit.User@3eb25e1a]]>
              </value>
            </param>
          </params>
          <exception class="org.openqa.selenium.ElementNotVisibleException">
            <message>
              <![CDATA[element not interactable
  (Session info: chrome=72.0.3626.109)
  (Driver info: chromedriver=2.46.628402 (536cd7adbad73a3783fdc2cab92ab2ba7ec361e1),platform=Windows NT 10.0.17763 x86_64) (WARNING: The server did not provide any stacktrace information)
Command duration or timeout: 0 milliseconds
Build info: version: '3.8.1', revision: '6e95a6684b', time: '2017-12-01T18:33:54.468Z'
System info: host: 'DESKTOP-QPAOO8E', ip: '192.168.56.1', os.name: 'Windows 10', os.arch: 'amd64', os.version: '10.0', java.version: '1.8.0_201'
Driver info: org.openqa.selenium.chrome.ChromeDriver
Capabilities {acceptInsecureCerts: false, acceptSslCerts: false, applicationCacheEnabled: false, browserConnectionEnabled: false, browserName: chrome, chrome: {chromedriverVersion: 2.46.628402 (536cd7adbad73a..., userDataDir: C:\Users\User\AppData\Local...}, cssSelectorsEnabled: true, databaseEnabled: false, goog:chromeOptions: {debuggerAddress: localhost:65519}, handlesAlerts: true, hasTouchScreen: false, javascriptEnabled: true, locationContextEnabled: true, mobileEmulationEnabled: false, nativeEvents: true, networkConnectionEnabled: false, pageLoadStrategy: normal, platform: XP, platformName: XP, proxy: Proxy(), rotatable: false, setWindowRect: true, strictFileInteractability: false, takesHeapSnapshot: true, takesScreenshot: true, timeouts: {implicit: 0, pageLoad: 300000, script: 30000}, unexpectedAlertBehaviour: ignore, unhandledPromptBehavior: ignore, version: 72.0.3626.109, webStorageEnabled: true}
Session ID: 3f6823a6cc2d40c12f5f7e5f2b1f97ca]]>
            </message>
            <full-stacktrace>
              <![CDATA[org.openqa.selenium.ElementNotVisibleException: element not interactable
  (Session info: chrome=72.0.3626.109)
  (Driver info: chromedriver=2.46.628402 (536cd7adbad73a3783fdc2cab92ab2ba7ec361e1),platform=Windows NT 10.0.17763 x86_64) (WARNING: The server did not provide any stacktrace information)
Command duration or timeout: 0 milliseconds
Build info: version: '3.8.1', revision: '6e95a6684b', time: '2017-12-01T18:33:54.468Z'
System info: host: 'DESKTOP-QPAOO8E', ip: '192.168.56.1', os.name: 'Windows 10', os.arch: 'amd64', os.version: '10.0', java.version: '1.8.0_201'
Driver info: org.openqa.selenium.chrome.ChromeDriver
Capabilities {acceptInsecureCerts: false, acceptSslCerts: false, applicationCacheEnabled: false, browserConnectionEnabled: false, browserName: chrome, chrome: {chromedriverVersion: 2.46.628402 (536cd7adbad73a..., userDataDir: C:\Users\User\AppData\Local...}, cssSelectorsEnabled: true, databaseEnabled: false, goog:chromeOptions: {debuggerAddress: localhost:65519}, handlesAlerts: true, hasTouchScreen: false, javascriptEnabled: true, locationContextEnabled: true, mobileEmulationEnabled: false, nativeEvents: true, networkConnectionEnabled: false, pageLoadStrategy: normal, platform: XP, platformName: XP, proxy: Proxy(), rotatable: false, setWindowRect: true, strictFileInteractability: false, takesHeapSnapshot: true, takesScreenshot: true, timeouts: {implicit: 0, pageLoad: 300000, script: 30000}, unexpectedAlertBehaviour: ignore, unhandledPromptBehavior: ignore, version: 72.0.3626.109, webStorageEnabled: true}
Session ID: 3f6823a6cc2d40c12f5f7e5f2b1f97ca
at sun.reflect.NativeConstructorAccessorImpl.newInstance0(Native Method)
at sun.reflect.NativeConstructorAccessorImpl.newInstance(NativeConstructorAccessorImpl.java:62)
at sun.reflect.DelegatingConstructorAccessorImpl.newInstance(DelegatingConstructorAccessorImpl.java:45)
at java.lang.reflect.Constructor.newInstance(Constructor.java:423)
at org.openqa.selenium.remote.ErrorHandler.createThrowable(ErrorHandler.java:214)
at org.openqa.selenium.remote.ErrorHandler.throwIfResponseFailed(ErrorHandler.java:166)
at org.openqa.selenium.remote.http.JsonHttpResponseCodec.reconstructValue(JsonHttpResponseCodec.java:40)
at org.openqa.selenium.remote.http.AbstractHttpResponseCodec.decode(AbstractHttpResponseCodec.java:80)
at org.openqa.selenium.remote.http.AbstractHttpResponseCodec.decode(AbstractHttpResponseCodec.java:44)
at org.openqa.selenium.remote.HttpCommandExecutor.execute(HttpCommandExecutor.java:164)
at org.openqa.selenium.remote.service.DriverCommandExecutor.execute(DriverCommandExecutor.java:83)
at org.openqa.selenium.remote.RemoteWebDriver.execute(RemoteWebDriver.java:601)
at org.openqa.selenium.remote.RemoteWebElement.execute(RemoteWebElement.java:279)
at org.openqa.selenium.remote.RemoteWebElement.click(RemoteWebElement.java:83)
at sun.reflect.NativeMethodAccessorImpl.invoke0(Native Method)
at sun.reflect.NativeMethodAccessorImpl.invoke(NativeMethodAccessorImpl.java:62)
at sun.reflect.DelegatingMethodAccessorImpl.invoke(DelegatingMethodAccessorImpl.java:43)
at java.lang.reflect.Method.invoke(Method.java:498)
at org.openqa.selenium.support.pagefactory.internal.LocatingElementHandler.invoke(LocatingElementHandler.java:51)
at com.sun.proxy.$Proxy23.click(Unknown Source)
at com.epam.TA.componet.Button.click(Button.java:15)
at com.epam.TA.businessObj.GmailDeleteCanceled.canceledDeleteMsg(GmailDeleteCanceled.java:32)
at com.epam.TA.Test.GmailCanceledDeleteTest.verifyDeleteCanceledMsgTest(GmailCanceledDeleteTest.java:34)
at sun.reflect.NativeMethodAccessorImpl.invoke0(Native Method)
at sun.reflect.NativeMethodAccessorImpl.invoke(NativeMethodAccessorImpl.java:62)
at sun.reflect.DelegatingMethodAccessorImpl.invoke(DelegatingMethodAccessorImpl.java:43)
at java.lang.reflect.Method.invoke(Method.java:498)
at org.testng.internal.MethodInvocationHelper.invokeMethod(MethodInvocationHelper.java:124)
at org.testng.internal.Invoker.invokeMethod(Invoker.java:583)
at org.testng.internal.Invoker.invokeTestMethod(Invoker.java:719)
at org.testng.internal.TestMethodWithDataProviderMethodWorker.call(TestMethodWithDataProviderMethodWorker.java:71)
at org.testng.internal.TestMethodWithDataProviderMethodWorker.call(TestMethodWithDataProviderMethodWorker.java:14)
at java.util.concurrent.FutureTask.run(FutureTask.java:266)
at java.util.concurrent.Executors$RunnableAdapter.call(Executors.java:511)
at java.util.concurrent.FutureTask.run(FutureTask.java:266)
at java.util.concurrent.ThreadPoolExecutor.runWorker(ThreadPoolExecutor.java:1149)
at java.util.concurrent.ThreadPoolExecutor$Worker.run(ThreadPoolExecutor.java:624)
at java.lang.Thread.run(Thread.java:748)
]]>
            </full-stacktrace>
          </exception> <!-- org.openqa.selenium.ElementNotVisibleException -->
          <reporter-output>
          </reporter-output>
        </test-method> <!-- verifyDeleteCanceledMsgTest -->
        <test-method status="PASS" signature="verifyDeleteCanceledMsgTest(com.epam.TA.unit.User)[pri:0, instance:com.epam.TA.Test.GmailCanceledDeleteTest@56528192]" name="verifyDeleteCanceledMsgTest" duration-ms="42257" started-at="2019-02-18T10:40:42Z" data-provider="getUser" finished-at="2019-02-18T10:41:25Z">
          <params>
            <param index="0">
              <value>
                <![CDATA[com.epam.TA.unit.User@3eb738bb]]>
              </value>
            </param>
          </params>
          <reporter-output>
          </reporter-output>
        </test-method> <!-- verifyDeleteCanceledMsgTest -->
        <test-method status="PASS" signature="verifyDeleteCanceledMsgTest(com.epam.TA.unit.User)[pri:0, instance:com.epam.TA.Test.GmailCanceledDeleteTest@56528192]" name="verifyDeleteCanceledMsgTest" duration-ms="42005" started-at="2019-02-18T10:40:42Z" data-provider="getUser" finished-at="2019-02-18T10:41:24Z">
          <params>
            <param index="0">
              <value>
                <![CDATA[com.epam.TA.unit.User@233795b6]]>
              </value>
            </param>
          </params>
          <reporter-output>
          </reporter-output>
        </test-method> <!-- verifyDeleteCanceledMsgTest -->
        <test-method status="PASS" signature="closeAll()[pri:0, instance:com.epam.TA.Test.GmailCanceledDeleteTest@56528192]" name="closeAll" is-config="true" duration-ms="1478" started-at="2019-02-18T10:41:24Z" finished-at="2019-02-18T10:41:26Z">
          <reporter-output>
          </reporter-output>
        </test-method> <!-- closeAll -->
        <test-method status="PASS" signature="closeAll()[pri:0, instance:com.epam.TA.Test.GmailCanceledDeleteTest@56528192]" name="closeAll" is-config="true" duration-ms="1227" started-at="2019-02-18T10:41:25Z" finished-at="2019-02-18T10:41:26Z">
          <reporter-output>
          </reporter-output>
        </test-method> <!-- closeAll -->
        <test-method status="PASS" signature="closeAll()[pri:0, instance:com.epam.TA.Test.GmailCanceledDeleteTest@56528192]" name="closeAll" is-config="true" duration-ms="732" started-at="2019-02-18T10:41:38Z" finished-at="2019-02-18T10:41:39Z">
          <reporter-output>
          </reporter-output>
        </test-method> <!-- closeAll -->
      </class> <!-- com.epam.TA.Test.GmailCanceledDeleteTest -->
    </test> <!-- Surefire test -->
  </suite> <!-- Surefire suite -->
</testng-results>
